2025-12-11 00:46:57,656 - ace - WARNING - Simulation failed. {"regular":["Not a valid string."]}, Status code: 400
2025-12-11 00:46:57,906 - ace - WARNING - Simulation failed. {"regular":["Not a valid string."]}, Status code: 400
2025-12-11 00:46:58,150 - ace - WARNING - Simulation failed. {"regular":["Not a valid string."]}, Status code: 400
2025-12-11 00:46:58,453 - ace - WARNING - Simulation failed. {"regular":["Not a valid string."]}, Status code: 400
2025-12-11 00:46:58,694 - ace - WARNING - Simulation failed. {"regular":["Not a valid string."]}, Status code: 400
2025-12-11 01:40:18,201 - ace - WARNING - Simulation failed. {"settings":{"decay":["This field is required."],"neutralization":["This field is required."],"truncation":["This field is required."],"lookbackDays":["This field is required."],"maxTrade":["Max Trade option must be ON for region ASI"],"language":["This field is required."],"visualization":["This field is required."]}}, Status code: 400
2025-12-11 01:40:28,450 - ace - WARNING - Simulation failed. {"settings":{"decay":["This field is required."],"neutralization":["This field is required."],"truncation":["This field is required."],"lookbackDays":["This field is required."],"language":["This field is required."],"visualization":["This field is required."]}}, Status code: 400
2025-12-11 01:40:34,688 - ace - WARNING - Simulation failed. {"settings":{"decay":["This field is required."],"neutralization":["This field is required."],"truncation":["This field is required."],"lookbackDays":["This field is required."],"language":["This field is required."],"visualization":["This field is required."]}}, Status code: 400
2025-12-11 01:46:39,292 - ace - WARNING - Simulation failed. {"settings":{"decay":["This field is required."],"neutralization":["This field is required."],"truncation":["This field is required."],"lookbackDays":["This field is required."],"language":["This field is required."],"visualization":["This field is required."]}}, Status code: 400
2025-12-11 01:46:41,992 - ace - WARNING - Simulation failed. {"settings":{"decay":["This field is required."],"neutralization":["This field is required."],"truncation":["This field is required."],"lookbackDays":["This field is required."],"language":["This field is required."],"visualization":["This field is required."]}}, Status code: 400
2025-12-11 01:46:43,606 - ace - WARNING - Simulation failed. {"settings":{"decay":["This field is required."],"neutralization":["This field is required."],"truncation":["This field is required."],"lookbackDays":["This field is required."],"language":["This field is required."],"visualization":["This field is required."]}}, Status code: 400
2025-12-11 01:59:14,592 - ace - WARNING - Simulation failed. {"detail":"CONCURRENT_SIMULATION_LIMIT_EXCEEDED"}, Status code: 429
2025-12-11 01:59:34,822 - ace - WARNING - Simulation failed. {"detail":"CONCURRENT_SIMULATION_LIMIT_EXCEEDED"}, Status code: 429
2025-12-11 01:59:40,692 - ace - WARNING - Simulation failed. {"detail":"CONCURRENT_SIMULATION_LIMIT_EXCEEDED"}, Status code: 429
2025-12-11 01:59:41,888 - ace - WARNING - Simulation failed. {"detail":"CONCURRENT_SIMULATION_LIMIT_EXCEEDED"}, Status code: 429
2025-12-11 01:59:44,981 - ace - WARNING - Simulation failed. {"detail":"CONCURRENT_SIMULATION_LIMIT_EXCEEDED"}, Status code: 429
2025-12-11 01:59:47,658 - ace - WARNING - Simulation failed. {"settings":{"maxTrade":["Max Trade option must be ON for region ASI"]}}, Status code: 400
2025-12-11 02:03:09,965 - ace - WARNING - Simulation failed. {"detail":"CONCURRENT_SIMULATION_LIMIT_EXCEEDED"}, Status code: 429
2025-12-11 03:25:59,592 - ace - ERROR - Simulation https://api.worldquantbrain.com/simulations/npcVQghn5dk8G9a7oiB1Dg, Status code: 502, Retry
2025-12-11 03:28:39,165 - ace - ERROR - Simulation https://api.worldquantbrain.com/simulations/4a2Ghf2TW5dW8wO1bj5YkwQv, Status code: 502, Retry
2025-12-12 01:01:29,697 - ace - ERROR - Simulation failed. {'id': '129wIs9tb4k3bKHtmvbt2W4', 'type': 'REGULAR', 'status': 'ERROR', 'message': 'There was an error while running the simulation. Please try again or contact BRAIN support if this problem persists.'}
2025-12-12 01:01:30,648 - ace - ERROR - Simulation failed. {'id': 'cijFYaQw4xJbux1clniWUb9', 'type': 'REGULAR', 'status': 'ERROR', 'message': 'There was an error while running the simulation. Please try again or contact BRAIN support if this problem persists.'}
2025-12-12 01:02:12,121 - ace - ERROR - Simulation https://api.worldquantbrain.com/simulations/2fOtWXcAg4kDa2d15ictdD9Z, Status code: 502, Retry
2025-12-12 01:02:12,598 - ace - ERROR - Simulation https://api.worldquantbrain.com/simulations/2yEhvlgXj5iW9AO1hByg6vqi, Status code: 502, Retry
2025-12-12 01:02:13,223 - ace - ERROR - Simulation https://api.worldquantbrain.com/simulations/1kRwZa3P588ayFtLMRSsQp, Status code: 502, Retry
2025-12-12 01:02:16,827 - ace - ERROR - Simulation failed. {'id': '3qGdCud9E52R9V0y1xVqfQP', 'type': 'REGULAR', 'status': 'ERROR', 'message': 'There was an error while running the simulation. Please try again or contact BRAIN support if this problem persists.'}
2025-12-12 01:03:27,222 - ace - ERROR - Simulation https://api.worldquantbrain.com/simulations/3hUmKTckm5fZb1UR2r3mhhn, Status code: 502, Retry
2025-12-12 01:03:32,822 - ace - ERROR - Simulation https://api.worldquantbrain.com/simulations/wjx6N2D64C49Q0UAbGwCay, Status code: 502, Retry
2025-12-12 01:03:59,949 - ace - ERROR - Simulation https://api.worldquantbrain.com/simulations/MjHxM79p57JawrsZtiP5cF, Status code: 504, Retry
2025-12-12 01:04:14,753 - ace - ERROR - Simulation https://api.worldquantbrain.com/simulations/3hUmKTckm5fZb1UR2r3mhhn, Status code: 502, Retry
2025-12-12 21:03:30,075 - ace - ERROR - Simulation failed. {'id': '4qOGc5u84kncxvny7FZwq3', 'type': 'REGULAR', 'status': 'ERROR', 'message': '<overusageSupportLink>Overused data</overusageSupportLink> error "operating_expense" field(s) in "Fundamental".', 'location': {'type': 'ALPHA_DATA_CATEGORY_DIVERSITY', 'property': 'regular'}, 'links': {'overusageSupportLink': 'https://support.worldquantbrain.com/hc/en-us/sections/22696480006423-Dataset-Usage-Management'}}
2025-12-12 21:26:11,399 - ace - ERROR - Simulation failed. {'id': '4wDUHF4UM4JU9fB7LM3eyj5', 'type': 'REGULAR', 'status': 'ERROR', 'message': '<overusageSupportLink>Overused data</overusageSupportLink> error "operating_expense" field(s) in "Fundamental".', 'location': {'type': 'ALPHA_DATA_CATEGORY_DIVERSITY', 'property': 'regular'}, 'links': {'overusageSupportLink': 'https://support.worldquantbrain.com/hc/en-us/sections/22696480006423-Dataset-Usage-Management'}}
2025-12-12 21:26:12,131 - ace - ERROR - Simulation failed. {'id': '4AWCRJ9Td54B8VdfICw0I3F', 'type': 'REGULAR', 'status': 'ERROR', 'message': '<overusageSupportLink>Overused data</overusageSupportLink> error "operating_expense" field(s) in "Fundamental".', 'location': {'type': 'ALPHA_DATA_CATEGORY_DIVERSITY', 'property': 'regular'}, 'links': {'overusageSupportLink': 'https://support.worldquantbrain.com/hc/en-us/sections/22696480006423-Dataset-Usage-Management'}}
2025-12-12 21:26:12,135 - ace - ERROR - Simulation failed. {'id': '3Al19L5vf55K9spmwrvpdKe', 'type': 'REGULAR', 'status': 'ERROR', 'message': '<overusageSupportLink>Overused data</overusageSupportLink> error "operating_expense" field(s) in "Fundamental".', 'location': {'type': 'ALPHA_DATA_CATEGORY_DIVERSITY', 'property': 'regular'}, 'links': {'overusageSupportLink': 'https://support.worldquantbrain.com/hc/en-us/sections/22696480006423-Dataset-Usage-Management'}}
2025-12-12 21:31:51,034 - ace - ERROR - Simulation failed. {'id': 'tgpTF3Zf4Aq8zbcFKV4QHg', 'type': 'REGULAR', 'status': 'ERROR', 'message': '<overusageSupportLink>Overused data</overusageSupportLink> error "depre_amort" field(s) in "Fundamental".', 'location': {'type': 'ALPHA_DATA_CATEGORY_DIVERSITY', 'property': 'regular'}, 'links': {'overusageSupportLink': 'https://support.worldquantbrain.com/hc/en-us/sections/22696480006423-Dataset-Usage-Management'}}
2025-12-12 21:32:08,381 - ace - ERROR - Simulation failed. {'id': '1hmLV0esP4FK9xO11B2PdqmS', 'type': 'REGULAR', 'status': 'ERROR', 'message': '<overusageSupportLink>Overused data</overusageSupportLink> error "depre_amort" field(s) in "Fundamental".', 'location': {'type': 'ALPHA_DATA_CATEGORY_DIVERSITY', 'property': 'regular'}, 'links': {'overusageSupportLink': 'https://support.worldquantbrain.com/hc/en-us/sections/22696480006423-Dataset-Usage-Management'}}
2025-12-12 21:32:49,371 - ace - ERROR - Simulation failed. {'id': 'jh7TMfQZ4rfaUiQLp8eR0O', 'type': 'REGULAR', 'status': 'ERROR', 'message': '<overusageSupportLink>Overused data</overusageSupportLink> error "depre_amort" field(s) in "Fundamental".', 'location': {'type': 'ALPHA_DATA_CATEGORY_DIVERSITY', 'property': 'regular'}, 'links': {'overusageSupportLink': 'https://support.worldquantbrain.com/hc/en-us/sections/22696480006423-Dataset-Usage-Management'}}
2025-12-12 21:33:14,668 - ace - ERROR - Simulation failed. {'id': '4tKuI0gfJ4Kkbo7n5nOii6W', 'type': 'REGULAR', 'status': 'ERROR', 'message': '<overusageSupportLink>Overused data</overusageSupportLink> error "depre_amort" field(s) in "Fundamental".', 'location': {'type': 'ALPHA_DATA_CATEGORY_DIVERSITY', 'property': 'regular'}, 'links': {'overusageSupportLink': 'https://support.worldquantbrain.com/hc/en-us/sections/22696480006423-Dataset-Usage-Management'}}
2025-12-12 21:33:31,148 - ace - ERROR - Simulation failed. {'id': 'wGmf78bS5cccoEihi1jSRZ', 'type': 'REGULAR', 'status': 'ERROR', 'message': '<overusageSupportLink>Overused data</overusageSupportLink> error "depre_amort" field(s) in "Fundamental".', 'location': {'type': 'ALPHA_DATA_CATEGORY_DIVERSITY', 'property': 'regular'}, 'links': {'overusageSupportLink': 'https://support.worldquantbrain.com/hc/en-us/sections/22696480006423-Dataset-Usage-Management'}}
2025-12-18 00:57:11,198 - ace - ERROR - 
Incorrect email or password

2025-12-18 00:57:11,535 - ace - ERROR - 
Incorrect email or password

2025-12-18 00:57:11,881 - ace - ERROR - 
Incorrect email or password

2025-12-18 00:57:12,227 - ace - ERROR - 
Incorrect email or password

2025-12-18 00:57:12,588 - ace - ERROR - 
Incorrect email or password

2025-12-18 00:57:12,932 - ace - ERROR - 
Incorrect email or password

2025-12-18 00:57:13,278 - ace - ERROR - 
Incorrect email or password

2025-12-18 00:57:13,625 - ace - ERROR - 
Incorrect email or password

2025-12-18 02:51:54,799 - ace - WARNING - No fields found: region=CHN, delay=1, universe=TOP2000U, type=MATRIX, dataset.id=analyst45
2025-12-18 02:52:11,310 - ace - WARNING - No fields found: region=CHN, delay=1, universe=TOP2000U, type=MATRIX, dataset.id=analyst45
2025-12-18 13:17:02,856 - ace - WARNING - No fields found: region=USA, delay=1, universe=TOP3000, type=MATRIX, dataset.id=shortinterest3
2025-12-18 13:24:08,699 - ace - WARNING - No fields found: region=USA, delay=1, universe=TOP3000, type=MATRIX, dataset.id=shortinterest3
2025-12-24 02:44:57,254 - ace - ERROR - Simulation failed. {'id': '3fryaq7y750HbRmjNtbF3x8', 'type': 'REGULAR', 'status': 'ERROR', 'message': 'Your simulation has been running too long. If you are running simulations in batch, consider to reduce number of concurrent simulations or input data.'}
2025-12-24 03:14:08,010 - ace - ERROR - Simulation failed. {'id': '1ZdRKEal75hUamZOV5ZRpTt', 'type': 'REGULAR', 'status': 'ERROR', 'message': 'Your simulation has been running too long. If you are running simulations in batch, consider to reduce number of concurrent simulations or input data.'}
