time=2026-02-01T09:10:34.417+01:00 level=INFO msg="Daemon started (interval: %v, auto-commit: %v, auto-push: %v)" !BADKEY=5s !BADKEY=false !BADKEY=false
time=2026-02-01T09:10:34.419+01:00 level=INFO msg="using database" path=/Users/max/github/mediathek-py/.beads/beads.db
time=2026-02-01T09:10:34.452+01:00 level=INFO msg="database opened" path=/Users/max/github/mediathek-py/.beads/beads.db backend=sqlite freshness_checking=true
time=2026-02-01T09:10:34.453+01:00 level=INFO msg="upgrading .beads/.gitignore"
time=2026-02-01T09:10:34.453+01:00 level=WARN msg="failed to upgrade .gitignore" error="open .beads/.gitignore: no such file or directory"
time=2026-02-01T09:10:34.459+01:00 level=INFO msg="Repository fingerprint validated: %s" !BADKEY=039d358d
time=2026-02-01T09:10:34.460+01:00 level=INFO msg="starting RPC server" socket=/Users/max/github/mediathek-py/.beads/bd.sock
time=2026-02-01T09:10:34.460+01:00 level=INFO msg="RPC server ready (socket listening)"
time=2026-02-01T09:10:34.466+01:00 level=INFO msg="registered in global registry"
time=2026-02-01T09:10:34.466+01:00 level=INFO msg="Starting %s..." !BADKEY="sync cycle"
time=2026-02-01T09:10:34.467+01:00 level=INFO msg="Exported to JSONL"
time=2026-02-01T09:10:35.101+01:00 level=INFO msg="Pull failed: %v" !BADKEY="git pull failed: exit status 128\nFrom https://github.com/maxboettinger/mediathek-py\n * branch            main       -> FETCH_HEAD\nwarning: fetch updated the current branch head.\nfast-forwarding your working tree from\ncommit 14f74705446bc53abad6ea800ed4b8b09b045eb8.\nerror: The following untracked working tree files would be overwritten by merge:\n\t.beads/issues.jsonl\nPlease move or remove them before you merge.\nAborting\nfatal: Cannot fast-forward your working tree.\nAfter making sure that you saved anything precious from\n$ git diff 14f74705446bc53abad6ea800ed4b8b09b045eb8\noutput, run\n$ git reset --hard\nto recover.\n"
time=2026-02-01T09:10:35.101+01:00 level=INFO msg="monitoring parent process" pid=0
time=2026-02-01T09:10:35.101+01:00 level=INFO msg="using event-driven mode"
time=2026-02-01T09:10:35.102+01:00 level=INFO msg="Auto-pull disabled: use 'git pull' manually to sync remote changes"
time=2026-02-01T09:31:12.916+01:00 level=INFO msg="JSONL removed/renamed, re-establishing watch"
time=2026-02-01T09:31:12.967+01:00 level=INFO msg="Successfully re-established JSONL watch after %v" !BADKEY=50ms
time=2026-02-01T09:31:12.967+01:00 level=INFO msg="JSONL file created: %s" !BADKEY=/Users/max/github/mediathek-py/.beads/issues.jsonl
time=2026-02-01T09:31:13.970+01:00 level=INFO msg="Import triggered by file change"
time=2026-02-01T09:31:13.970+01:00 level=INFO msg="Starting %s..." !BADKEY=auto-import
time=2026-02-01T09:31:13.970+01:00 level=INFO msg="Skipping %s: JSONL content unchanged" !BADKEY=auto-import
time=2026-02-01T09:45:42.924+01:00 level=INFO msg="JSONL removed/renamed, re-establishing watch"
time=2026-02-01T09:45:42.975+01:00 level=INFO msg="Successfully re-established JSONL watch after %v" !BADKEY=50ms
time=2026-02-01T09:45:42.975+01:00 level=INFO msg="JSONL file created: %s" !BADKEY=/Users/max/github/mediathek-py/.beads/issues.jsonl
time=2026-02-01T09:45:43.978+01:00 level=INFO msg="Import triggered by file change"
time=2026-02-01T09:45:43.980+01:00 level=INFO msg="Starting %s..." !BADKEY=auto-import
time=2026-02-01T09:45:43.980+01:00 level=INFO msg="Skipping %s: JSONL content unchanged" !BADKEY=auto-import
time=2026-02-01T09:49:20.863+01:00 level=INFO msg="Git HEAD change detected: %s" !BADKEY=/Users/max/github/mediathek-py/.git/HEAD
time=2026-02-01T09:49:21.865+01:00 level=INFO msg="Import triggered by file change"
time=2026-02-01T09:49:21.866+01:00 level=INFO msg="Starting %s..." !BADKEY=auto-import
time=2026-02-01T09:49:21.866+01:00 level=INFO msg="Skipping %s: JSONL content unchanged" !BADKEY=auto-import
time=2026-02-01T09:49:48.235+01:00 level=INFO msg="JSONL removed/renamed, re-establishing watch"
time=2026-02-01T09:49:48.286+01:00 level=INFO msg="Successfully re-established JSONL watch after %v" !BADKEY=50ms
time=2026-02-01T09:49:48.286+01:00 level=INFO msg="JSONL file created: %s" !BADKEY=/Users/max/github/mediathek-py/.beads/issues.jsonl
time=2026-02-01T09:49:49.287+01:00 level=INFO msg="Import triggered by file change"
time=2026-02-01T09:49:49.288+01:00 level=INFO msg="Starting %s..." !BADKEY=auto-import
time=2026-02-01T09:49:49.289+01:00 level=INFO msg="Skipping %s: JSONL content unchanged" !BADKEY=auto-import
time=2026-02-01T09:51:19.538+01:00 level=INFO msg="Git HEAD change detected: %s" !BADKEY=/Users/max/github/mediathek-py/.git/HEAD
time=2026-02-01T09:51:20.541+01:00 level=INFO msg="Import triggered by file change"
time=2026-02-01T09:51:20.542+01:00 level=INFO msg="Starting %s..." !BADKEY=auto-import
time=2026-02-01T09:51:20.542+01:00 level=INFO msg="Skipping %s: JSONL content unchanged" !BADKEY=auto-import
time=2026-02-01T09:51:21.559+01:00 level=INFO msg="Git HEAD change detected: %s" !BADKEY=/Users/max/github/mediathek-py/.git/HEAD
time=2026-02-01T09:51:22.561+01:00 level=INFO msg="Import triggered by file change"
time=2026-02-01T09:51:22.567+01:00 level=INFO msg="Starting %s..." !BADKEY=auto-import
time=2026-02-01T09:51:22.567+01:00 level=INFO msg="Skipping %s: JSONL content unchanged" !BADKEY=auto-import
time=2026-02-01T09:51:42.609+01:00 level=INFO msg="JSONL removed/renamed, re-establishing watch"
time=2026-02-01T09:51:42.660+01:00 level=INFO msg="Successfully re-established JSONL watch after %v" !BADKEY=50ms
time=2026-02-01T09:51:42.660+01:00 level=INFO msg="JSONL file created: %s" !BADKEY=/Users/max/github/mediathek-py/.beads/issues.jsonl
time=2026-02-01T09:51:43.662+01:00 level=INFO msg="Import triggered by file change"
time=2026-02-01T09:51:43.663+01:00 level=INFO msg="Starting %s..." !BADKEY=auto-import
time=2026-02-01T09:51:43.664+01:00 level=INFO msg="Skipping %s: JSONL content unchanged" !BADKEY=auto-import
