\BOOKMARK [0][-]{chapter.1}{\376\377\000I\000n\000t\000r\000o\000d\000u\000c\000t\000i\000o\000n\000\040\000a\000n\000d\000\040\000u\000s\000a\000g\000e}{}% 1
\BOOKMARK [1][-]{section.1.1}{\376\377\000M\000a\000k\000e\000f\000i\000l\000e\000\040\000f\000o\000r\000\040\000t\000h\000i\000s\000\040\000f\000r\000a\000m\000e\000w\000o\000r\000k}{chapter.1}% 2
\BOOKMARK [2][-]{subsection.1.1.1}{\376\377\000T\000h\000i\000s\000\040\000M\000a\000k\000e\000f\000i\000l\000e\000'\000s\000\040\000t\000a\000r\000g\000e\000t}{section.1.1}% 3
\BOOKMARK [2][-]{subsection.1.1.2}{\376\377\000T\000a\000n\000g\000l\000i\000n\000g\000,\000\040\000w\000e\000a\000v\000i\000n\000g\000\040\000a\000n\000d\000\040\000c\000o\000m\000p\000i\000l\000i\000n\000g\000\040\000L\000a\000T\000e\000X}{section.1.1}% 4
\BOOKMARK [2][-]{subsection.1.1.3}{\376\377\000T\000h\000e\000\040\000D\000o\000c\000k\000e\000r\000\040\000i\000m\000a\000g\000e}{section.1.1}% 5
\BOOKMARK [2][-]{subsection.1.1.4}{\376\377\000P\000a\000c\000k\000a\000g\000i\000n\000g\000\040\000a\000n\000d\000\040\000p\000u\000b\000l\000i\000c\000a\000t\000i\000o\000n}{section.1.1}% 6
\BOOKMARK [-1][-]{part.1}{\376\377\000I\000\040\000G\000e\000n\000e\000r\000a\000l\000\040\000b\000u\000i\000l\000d\000i\000n\000g\000\040\000b\000l\000o\000c\000k\000s}{}% 7
\BOOKMARK [0][-]{chapter.2}{\376\377\000p\000o\000r\000t\000a\000b\000i\000l\000i\000t\000y\000.\000m\000k}{part.1}% 8
\BOOKMARK [1][-]{section.2.1}{\376\377\000I\000n\000t\000r\000o\000d\000u\000c\000t\000i\000o\000n}{chapter.2}% 9
\BOOKMARK [1][-]{section.2.2}{\376\377\000S\000t\000a\000n\000d\000a\000r\000d\000\040\000U\000n\000i\000x\000\040\000c\000o\000m\000m\000a\000n\000d\000s}{chapter.2}% 10
\BOOKMARK [2][-]{subsection.2.2.1}{\376\377\000F\000i\000l\000e\000\040\000s\000y\000s\000t\000e\000m\000\040\000c\000o\000m\000m\000a\000n\000d\000s}{section.2.2}% 11
\BOOKMARK [2][-]{subsection.2.2.2}{\376\377\000V\000i\000e\000w\000i\000n\000g\000\040\000f\000i\000l\000e\000\040\000c\000o\000n\000t\000e\000n\000t\000s}{section.2.2}% 12
\BOOKMARK [2][-]{subsection.2.2.3}{\376\377\000F\000i\000l\000t\000e\000r\000i\000n\000g\000\040\000a\000n\000d\000\040\000t\000r\000a\000n\000s\000f\000o\000r\000m\000a\000t\000i\000o\000n\000s}{section.2.2}% 13
\BOOKMARK [2][-]{subsection.2.2.4}{\376\377\000S\000t\000a\000t\000i\000s\000t\000i\000c\000s}{section.2.2}% 14
\BOOKMARK [1][-]{section.2.3}{\376\377\000N\000e\000t\000w\000o\000r\000k\000i\000n\000g\000\040\000c\000o\000m\000m\000a\000n\000d\000s}{chapter.2}% 15
\BOOKMARK [1][-]{section.2.4}{\376\377\000C\000o\000m\000p\000r\000e\000s\000s\000e\000d\000\040\000f\000i\000l\000e\000s\000\040\000a\000n\000d\000\040\000a\000r\000c\000h\000i\000v\000e\000s}{chapter.2}% 16
\BOOKMARK [2][-]{subsection.2.4.1}{\376\377\000C\000o\000m\000p\000r\000e\000s\000s\000i\000n\000g\000\040\000a\000n\000d\000\040\000u\000n\000c\000o\000m\000p\000r\000e\000s\000s\000i\000n\000g\000\040\000f\000i\000l\000e\000s}{section.2.4}% 17
\BOOKMARK [2][-]{subsection.2.4.2}{\376\377\000P\000a\000c\000k\000i\000n\000g\000\040\000a\000n\000d\000\040\000e\000x\000t\000r\000a\000c\000t\000i\000n\000g\000\040\000f\000r\000o\000m\000\040\000a\000r\000c\000h\000i\000v\000e\000s}{section.2.4}% 18
\BOOKMARK [0][-]{chapter.3}{\376\377\000s\000u\000b\000d\000i\000r\000.\000m\000k}{part.1}% 19
\BOOKMARK [1][-]{section.3.1}{\376\377\000I\000n\000t\000r\000o\000d\000u\000c\000t\000i\000o\000n\000\040\000a\000n\000d\000\040\000u\000s\000a\000g\000e}{chapter.3}% 20
\BOOKMARK [1][-]{section.3.2}{\376\377\000I\000m\000p\000l\000e\000m\000e\000n\000t\000a\000t\000i\000o\000n}{chapter.3}% 21
\BOOKMARK [-1][-]{part.2}{\376\377\000I\000I\000\040\000P\000a\000c\000k\000a\000g\000i\000n\000g\000\040\000a\000n\000d\000\040\000p\000u\000b\000l\000i\000s\000h\000i\000n\000g}{}% 22
\BOOKMARK [0][-]{chapter.4}{\376\377\000p\000k\000g\000.\000m\000k}{part.2}% 23
\BOOKMARK [1][-]{section.4.1}{\376\377\000I\000n\000t\000r\000o\000d\000u\000c\000t\000i\000o\000n\000\040\000a\000n\000d\000\040\000u\000s\000a\000g\000e}{chapter.4}% 24
\BOOKMARK [2][-]{subsection.4.1.1}{\376\377\000P\000o\000r\000t\000a\000b\000i\000l\000i\000t\000y}{section.4.1}% 25
\BOOKMARK [1][-]{section.4.2}{\376\377\000I\000m\000p\000l\000e\000m\000e\000n\000t\000a\000t\000i\000o\000n}{chapter.4}% 26
\BOOKMARK [2][-]{subsection.4.2.1}{\376\377\000P\000a\000c\000k\000a\000g\000i\000n\000g}{section.4.2}% 27
\BOOKMARK [2][-]{subsection.4.2.2}{\376\377\000C\000l\000e\000a\000n\000i\000n\000g}{section.4.2}% 28
\BOOKMARK [2][-]{subsection.4.2.3}{\376\377\000I\000n\000s\000t\000a\000l\000l\000a\000t\000i\000o\000n}{section.4.2}% 29
\BOOKMARK [0][-]{chapter.5}{\376\377\000p\000u\000b\000.\000m\000k}{part.2}% 30
\BOOKMARK [1][-]{section.5.1}{\376\377\000I\000n\000t\000r\000o\000d\000u\000c\000t\000i\000o\000n\000\040\000a\000n\000d\000\040\000u\000s\000a\000g\000e}{chapter.5}% 31
\BOOKMARK [2][-]{subsection.5.1.1}{\376\377\000S\000p\000e\000c\000i\000f\000y\000i\000n\000g\000\040\000f\000i\000l\000e\000s}{section.5.1}% 32
\BOOKMARK [2][-]{subsection.5.1.2}{\376\377\000A\000u\000t\000o\000m\000a\000t\000i\000c\000a\000l\000l\000y\000\040\000t\000a\000g\000\040\000o\000n\000\040\000p\000u\000b\000l\000i\000c\000a\000t\000i\000o\000n}{section.5.1}% 33
\BOOKMARK [1][-]{section.5.2}{\376\377\000C\000o\000n\000f\000i\000g\000u\000r\000a\000t\000i\000o\000n\000\040\000f\000o\000r\000\040\000p\000u\000b\000l\000i\000s\000h\000i\000n\000g\000\040\000f\000i\000l\000e\000s\000\040\000o\000n\000\040\000a\000\040\000s\000e\000r\000v\000e\000r\000,\000\040\000u\000p\000l\000o\000a\000d}{chapter.5}% 34
\BOOKMARK [2][-]{subsection.5.2.1}{\376\377\000P\000u\000b\000l\000i\000c\000a\000t\000i\000o\000n\000\040\000m\000e\000t\000h\000o\000d\000s}{section.5.2}% 35
\BOOKMARK [2][-]{subsection.5.2.2}{\376\377\000P\000u\000b\000l\000i\000s\000h\000i\000n\000g\000\040\000t\000o\000\040\000m\000u\000l\000t\000i\000p\000l\000e\000\040\000s\000i\000t\000e\000s}{section.5.2}% 36
\BOOKMARK [1][-]{section.5.3}{\376\377\000I\000m\000p\000l\000e\000m\000e\000n\000t\000a\000t\000i\000o\000n}{chapter.5}% 37
\BOOKMARK [2][-]{subsection.5.3.1}{\376\377\000T\000h\000e\000\040\000u\000p\000l\000o\000a\000d\000\040\000p\000u\000b\000l\000i\000c\000a\000t\000i\000o\000n\000\040\000m\000e\000c\000h\000a\000n\000i\000s\000m\000,\000\040\000u\000p\000l\000o\000a\000d}{section.5.3}% 38
\BOOKMARK [2][-]{subsection.5.3.2}{\376\377\000P\000u\000b\000l\000i\000c\000a\000t\000i\000o\000n\000\040\000m\000e\000t\000h\000o\000d\000s}{section.5.3}% 39
\BOOKMARK [2][-]{subsection.5.3.3}{\376\377\000G\000i\000t\000H\000u\000b\000\040\000r\000e\000l\000e\000a\000s\000e\000s\000,\000\040\000g\000h\000-\000r\000e\000l\000e\000a\000s\000e}{section.5.3}% 40
\BOOKMARK [2][-]{subsection.5.3.4}{\376\377\000A\000u\000t\000o\000m\000a\000t\000i\000c\000a\000l\000l\000y\000\040\000c\000o\000m\000m\000i\000t\000t\000i\000n\000g\000\040\000a\000n\000d\000\040\000t\000a\000g\000g\000i\000n\000g\000,\000\040\000a\000u\000t\000o\000t\000a\000g\000\040\000a\000n\000d\000\040\000a\000u\000t\000o\000c\000o\000m\000m\000i\000t}{section.5.3}% 41
\BOOKMARK [0][-]{chapter.6}{\376\377\000t\000r\000a\000n\000s\000f\000o\000r\000m\000.\000m\000k}{part.2}% 42
\BOOKMARK [1][-]{section.6.1}{\376\377\000I\000n\000t\000r\000o\000d\000u\000c\000t\000i\000o\000n\000\040\000a\000n\000d\000\040\000u\000s\000a\000g\000e}{chapter.6}% 43
\BOOKMARK [1][-]{section.6.2}{\376\377\000I\000m\000p\000l\000e\000m\000e\000n\000t\000a\000t\000i\000o\000n\000\040\000o\000v\000e\000r\000v\000i\000e\000w}{chapter.6}% 44
\BOOKMARK [1][-]{section.6.3}{\376\377\000A\000\040\000t\000r\000a\000n\000s\000f\000o\000r\000m\000a\000t\000i\000o\000n\000\040\000m\000e\000c\000h\000a\000n\000i\000s\000m}{chapter.6}% 45
\BOOKMARK [2][-]{subsection.6.3.1}{\376\377\000R\000e\000m\000o\000v\000i\000n\000g\000\040\000s\000o\000l\000u\000t\000i\000o\000n\000s}{section.6.3}% 46
\BOOKMARK [2][-]{subsection.6.3.2}{\376\377\000R\000e\000m\000o\000v\000i\000n\000g\000\040\000e\000x\000c\000e\000s\000s\000i\000v\000e\000\040\000b\000u\000i\000l\000d\000\040\000i\000n\000s\000t\000r\000u\000c\000t\000i\000o\000n\000s}{section.6.3}% 47
\BOOKMARK [2][-]{subsection.6.3.3}{\376\377\000H\000a\000n\000d\000o\000u\000t\000s\000\040\000a\000n\000d\000\040\000s\000o\000l\000u\000t\000i\000o\000n\000s}{section.6.3}% 48
\BOOKMARK [1][-]{section.6.4}{\376\377\000P\000r\000e\000p\000a\000r\000i\000n\000g\000\040\000c\000a\000m\000e\000r\000a\000-\000r\000e\000a\000d\000y\000\040\000s\000o\000u\000r\000c\000e}{chapter.6}% 49
\BOOKMARK [1][-]{section.6.5}{\376\377\000U\000s\000i\000n\000g\000\040\000e\000n\000c\000r\000y\000p\000t\000e\000d\000\040\000f\000i\000l\000e\000s}{chapter.6}% 50
\BOOKMARK [-1][-]{part.3}{\376\377\000I\000I\000I\000\040\000P\000a\000p\000e\000r\000s\000\040\000a\000n\000d\000\040\000d\000o\000c\000u\000m\000e\000n\000t\000s}{}% 51
\BOOKMARK [0][-]{chapter.7}{\376\377\000t\000e\000x\000.\000m\000k}{part.3}% 52
\BOOKMARK [1][-]{section.7.1}{\376\377\000I\000n\000t\000r\000o\000d\000u\000c\000t\000i\000o\000n\000\040\000a\000n\000d\000\040\000u\000s\000a\000g\000e}{chapter.7}% 53
\BOOKMARK [1][-]{section.7.2}{\376\377\000I\000m\000p\000l\000e\000m\000e\000n\000t\000a\000t\000i\000o\000n\000\040\000o\000v\000e\000r\000v\000i\000e\000w}{chapter.7}% 54
\BOOKMARK [1][-]{section.7.3}{\376\377\000T\000a\000r\000g\000e\000t\000s\000\040\000f\000o\000r\000\040\000d\000o\000c\000u\000m\000e\000n\000t\000s}{chapter.7}% 55
\BOOKMARK [2][-]{subsection.7.3.1}{\376\377\000A\000u\000x\000i\000l\000l\000a\000r\000y\000\040\000f\000i\000l\000e\000s}{section.7.3}% 56
\BOOKMARK [2][-]{subsection.7.3.2}{\376\377\000B\000i\000b\000l\000i\000o\000g\000r\000a\000p\000h\000i\000e\000s}{section.7.3}% 57
\BOOKMARK [2][-]{subsection.7.3.3}{\376\377\000I\000n\000d\000i\000c\000e\000s}{section.7.3}% 58
\BOOKMARK [2][-]{subsection.7.3.4}{\376\377\000P\000y\000t\000h\000o\000n\000T\000e\000X}{section.7.3}% 59
\BOOKMARK [2][-]{subsection.7.3.5}{\376\377\000D\000o\000c\000u\000m\000e\000n\000t\000\040\000f\000i\000l\000e\000s}{section.7.3}% 60
\BOOKMARK [1][-]{section.7.4}{\376\377\000T\000a\000r\000g\000e\000t\000s\000\040\000f\000o\000r\000\040\000m\000e\000r\000g\000i\000n\000g\000\040\000b\000i\000b\000l\000i\000o\000g\000r\000a\000p\000h\000i\000e\000s}{chapter.7}% 61
\BOOKMARK [1][-]{section.7.5}{\376\377\000T\000a\000r\000g\000e\000t\000s\000\040\000f\000o\000r\000\040\000c\000l\000a\000s\000s\000\040\000a\000n\000d\000\040\000p\000a\000c\000k\000a\000g\000e\000\040\000f\000i\000l\000e\000s}{chapter.7}% 62
\BOOKMARK [1][-]{section.7.6}{\376\377\000E\000x\000t\000e\000r\000n\000a\000l\000\040\000c\000l\000a\000s\000s\000e\000s\000\040\000a\000n\000d\000\040\000p\000a\000c\000k\000a\000g\000e\000s}{chapter.7}% 63
\BOOKMARK [2][-]{subsection.7.6.1}{\376\377\000S\000p\000r\000i\000n\000g\000e\000r\000\040\000L\000N\000C\000S}{section.7.6}% 64
\BOOKMARK [2][-]{subsection.7.6.2}{\376\377\000L\000N\000C\000S\000\040\000s\000t\000y\000l\000e\000\040\000f\000o\000r\000\040\000b\000i\000b\000l\000a\000t\000e\000x}{section.7.6}% 65
\BOOKMARK [2][-]{subsection.7.6.3}{\376\377\000T\000h\000e\000\040\000R\000F\000C\000\040\000b\000i\000b\000l\000i\000o\000g\000r\000a\000p\000h\000y}{section.7.6}% 66
\BOOKMARK [2][-]{subsection.7.6.4}{\376\377\000P\000r\000o\000c\000e\000e\000d\000i\000n\000g\000s\000\040\000o\000f\000\040\000t\000h\000e\000\040\000P\000r\000i\000v\000a\000c\000y\000\040\000E\000n\000h\000a\000n\000c\000i\000n\000g\000\040\000T\000e\000c\000h\000n\000o\000l\000o\000g\000i\000e\000s\000\040\000S\000y\000m\000p\000o\000s\000i\000u\000m}{section.7.6}% 67
\BOOKMARK [0][-]{chapter.8}{\376\377\000d\000o\000c\000.\000m\000k}{part.3}% 68
\BOOKMARK [1][-]{section.8.1}{\376\377\000I\000n\000t\000r\000o\000d\000u\000c\000t\000i\000o\000n\000\040\000a\000n\000d\000\040\000u\000s\000a\000g\000e}{chapter.8}% 69
\BOOKMARK [1][-]{section.8.2}{\376\377\000I\000m\000p\000l\000e\000m\000e\000n\000t\000a\000t\000i\000o\000n}{chapter.8}% 70
\BOOKMARK [2][-]{subsection.8.2.1}{\376\377\000P\000r\000i\000n\000t\000i\000n\000g}{section.8.2}% 71
\BOOKMARK [2][-]{subsection.8.2.2}{\376\377\000C\000o\000u\000n\000t\000i\000n\000g\000\040\000w\000o\000r\000d\000s}{section.8.2}% 72
\BOOKMARK [2][-]{subsection.8.2.3}{\376\377\000T\000o\000-\000d\000o\000\040\000l\000i\000s\000t\000s}{section.8.2}% 73
\BOOKMARK [2][-]{subsection.8.2.4}{\376\377\000F\000o\000r\000m\000a\000t\000\040\000c\000o\000n\000v\000e\000r\000s\000i\000o\000n}{section.8.2}% 74
\BOOKMARK [-1][-]{part.4}{\376\377\000I\000V\000\040\000L\000i\000t\000e\000r\000a\000t\000e\000\040\000p\000r\000o\000g\000r\000a\000m\000m\000i\000n\000g}{}% 75
\BOOKMARK [0][-]{chapter.9}{\376\377\000n\000o\000w\000e\000b\000.\000m\000k}{part.4}% 76
\BOOKMARK [1][-]{section.9.1}{\376\377\000I\000n\000t\000r\000o\000d\000u\000c\000t\000i\000o\000n\000\040\000a\000n\000d\000\040\000u\000s\000a\000g\000e}{chapter.9}% 77
\BOOKMARK [1][-]{section.9.2}{\376\377\000I\000m\000p\000l\000e\000m\000e\000n\000t\000a\000t\000i\000o\000n}{chapter.9}% 78
\BOOKMARK [2][-]{subsection.9.2.1}{\376\377\000W\000e\000a\000v\000i\000n\000g\000\040\000d\000o\000c\000u\000m\000e\000n\000t\000a\000t\000i\000o\000n}{section.9.2}% 79
\BOOKMARK [2][-]{subsection.9.2.2}{\376\377\000T\000a\000n\000g\000l\000i\000n\000g\000\040\000c\000o\000d\000e}{section.9.2}% 80
\BOOKMARK [0][-]{chapter.10}{\376\377\000h\000a\000s\000k\000e\000l\000l\000.\000m\000k}{part.4}% 81
\BOOKMARK [1][-]{section.10.1}{\376\377\000I\000n\000t\000r\000o\000d\000u\000c\000t\000i\000o\000n\000,\000\040\000u\000s\000a\000g\000e\000\040\000a\000n\000d\000\040\000i\000m\000p\000l\000e\000m\000e\000n\000t\000a\000t\000i\000o\000n}{chapter.10}% 82
\BOOKMARK [-1][-]{part.5}{\376\377\000V\000\040\000A\000s\000s\000e\000s\000s\000m\000e\000n\000t}{}% 83
\BOOKMARK [0][-]{chapter.11}{\376\377\000e\000x\000a\000m\000.\000m\000k}{part.5}% 84
\BOOKMARK [1][-]{section.11.1}{\376\377\000I\000n\000t\000r\000o\000d\000u\000c\000t\000i\000o\000n\000\040\000a\000n\000d\000\040\000u\000s\000a\000g\000e}{chapter.11}% 85
\BOOKMARK [1][-]{section.11.2}{\376\377\000I\000m\000p\000l\000e\000m\000e\000n\000t\000a\000t\000i\000o\000n}{chapter.11}% 86
\BOOKMARK [2][-]{subsection.11.2.1}{\376\377\000G\000e\000n\000e\000r\000a\000t\000i\000n\000g\000\040\000t\000a\000r\000g\000e\000t\000s\000\040\000f\000o\000r\000\040\000e\000x\000a\000m\000\040\000T\000e\000X\000\040\000f\000i\000l\000e\000s}{section.11.2}% 87
\BOOKMARK [2][-]{subsection.11.2.2}{\376\377\000S\000u\000b\000s\000t\000i\000t\000u\000t\000i\000n\000g\000\040\000f\000i\000e\000l\000d\000s\000\040\000f\000r\000o\000m\000\040\000t\000e\000m\000p\000l\000a\000t\000e}{section.11.2}% 88
\BOOKMARK [2][-]{subsection.11.2.3}{\376\377\000G\000e\000n\000e\000r\000a\000t\000i\000n\000g\000\040\000t\000a\000r\000g\000e\000t\000s\000\040\000f\000o\000r\000\040\000e\000x\000a\000m\000\040\000P\000D\000F\000s}{section.11.2}% 89
\BOOKMARK [2][-]{subsection.11.2.4}{\376\377\000G\000e\000n\000e\000r\000a\000t\000i\000n\000g\000\040\000t\000a\000r\000g\000e\000t\000s\000\040\000f\000o\000r\000\040\000e\000x\000a\000m\000\040\000q\000u\000e\000s\000t\000i\000o\000n\000s}{section.11.2}% 90
\BOOKMARK [0][-]{chapter.12}{\376\377\000r\000e\000s\000u\000l\000t\000s\000.\000m\000k}{part.5}% 91
\BOOKMARK [1][-]{section.12.1}{\376\377\000I\000n\000t\000r\000o\000d\000u\000c\000t\000i\000o\000n\000\040\000a\000n\000d\000\040\000u\000s\000a\000g\000e}{chapter.12}% 92
\BOOKMARK [2][-]{subsection.12.1.1}{\376\377\000P\000o\000r\000t\000a\000b\000i\000l\000i\000t\000y}{section.12.1}% 93
\BOOKMARK [1][-]{section.12.2}{\376\377\000P\000r\000o\000c\000e\000s\000s\000i\000n\000g\000\040\000M\000o\000o\000d\000l\000e\000'\000s\000\040\000o\000u\000t\000p\000u\000t}{chapter.12}% 94
\BOOKMARK [2][-]{subsection.12.2.1}{\376\377\000T\000r\000a\000n\000s\000f\000o\000r\000m\000i\000n\000g\000\040\000M\000o\000o\000d\000l\000e\000'\000s\000\040\000o\000u\000t\000p\000u\000t}{section.12.2}% 95
\BOOKMARK [2][-]{subsection.12.2.2}{\376\377\000E\000x\000t\000r\000a\000c\000t\000i\000n\000g\000\040\000t\000h\000e\000\040\000c\000h\000a\000n\000g\000e\000s}{section.12.2}% 96
\BOOKMARK [2][-]{subsection.12.2.3}{\376\377\000E\000x\000t\000r\000a\000c\000t\000i\000n\000g\000\040\000i\000d\000e\000n\000t\000i\000f\000i\000e\000r\000s\000\040\000f\000o\000r\000\040\000r\000e\000p\000o\000r\000t\000i\000n\000g}{section.12.2}% 97
\BOOKMARK [2][-]{subsection.12.2.4}{\376\377\000G\000e\000n\000e\000r\000a\000t\000i\000n\000g\000\040\000t\000h\000e\000\040\000r\000e\000p\000o\000r\000t}{section.12.2}% 98
\BOOKMARK [1][-]{section.12.3}{\376\377\000S\000e\000n\000d\000i\000n\000g\000\040\000a\000n\000d\000\040\000s\000t\000o\000r\000i\000n\000g\000\040\000t\000h\000e\000\040\000r\000e\000s\000u\000l\000t\000s}{chapter.12}% 99
\BOOKMARK [-1][-]{part.6}{\376\377\000V\000I\000\040\000A\000p\000p\000e\000n\000d\000i\000c\000e\000s}{}% 100
\BOOKMARK [0][-]{appendix.A}{\376\377\000D\000o\000c\000k\000e\000r\000f\000i\000l\000e\000:\000\040\000a\000n\000\040\000e\000x\000e\000c\000u\000t\000i\000o\000n\000\040\000e\000n\000v\000i\000r\000o\000n\000m\000e\000n\000t}{part.6}% 101
\BOOKMARK [0][-]{appendix*.18}{\376\377\000B\000i\000b\000l\000i\000o\000g\000r\000a\000p\000h\000y}{part.6}% 102
